#
# There is insufficient memory for the Java Runtime Environment to continue.
# Native memory allocation (mmap) failed to map 45613056 bytes for committing reserved memory.
# Possible reasons:
#   The system is out of physical RAM or swap space
#   The process is running with CompressedOops enabled, and the Java Heap may be blocking the growth of the native heap
# Possible solutions:
#   Reduce memory load on the system
#   Increase physical memory or swap space
#   Check if swap backing store is full
#   Decrease Java heap size (-Xmx/-Xms)
#   Decrease number of Java threads
#   Decrease Java thread stack sizes (-Xss)
#   Set larger code cache with -XX:ReservedCodeCacheSize=
#   JVM is running with Unscaled Compressed Oops mode in which the Java heap is
#     placed in the first 4GB address space. The Java Heap base address is the
#     maximum limit for the native heap growth. Please use -XX:HeapBaseMinAddress
#     to set the Java Heap base and to place the Java Heap above 4GB virtual address.
# This output file may be truncated or incomplete.
#
#  Out of Memory Error (os_linux.cpp:2749), pid=12211, tid=0x00007fcff26b2700
#
# JRE version: Java(TM) SE Runtime Environment (8.0_201-b09) (build 1.8.0_201-b09)
# Java VM: Java HotSpot(TM) 64-Bit Server VM (25.201-b09 mixed mode linux-amd64 compressed oops)
# Failed to write core dump. Core dumps have been disabled. To enable core dumping, try "ulimit -c unlimited" before starting Java again
#

---------------  T H R E A D  ---------------

Current thread (0x00007fd004078800):  VMThread [stack: 0x00007fcff25b2000,0x00007fcff26b3000] [id=12238]

Stack: [0x00007fcff25b2000,0x00007fcff26b3000],  sp=0x00007fcff26b1400,  free space=1021k
Native frames: (J=compiled Java code, j=interpreted, Vv=VM code, C=native code)
V  [libjvm.so+0xad3525]  VMError::report_and_die()+0x2e5
V  [libjvm.so+0x4e0457]  report_vm_out_of_memory(char const*, int, unsigned long, VMErrorType, char const*)+0x67
V  [libjvm.so+0x9102f0]  os::pd_commit_memory(char*, unsigned long, unsigned long, bool)+0x100
V  [libjvm.so+0x90791f]  os::commit_memory(char*, unsigned long, unsigned long, bool)+0x1f
V  [libjvm.so+0x98c806]  PSVirtualSpace::expand_by(unsigned long)+0x56
V  [libjvm.so+0x97badb]  PSOldGen::expand_by(unsigned long) [clone .part.28]+0x1b
V  [libjvm.so+0x97bc98]  PSOldGen::expand(unsigned long) [clone .part.29]+0xa8
V  [libjvm.so+0x97c841]  PSOldGen::resize(unsigned long)+0xe1
V  [libjvm.so+0x98297c]  PSParallelCompact::invoke_no_policy(bool) [clone .part.118]+0xa2c
V  [libjvm.so+0x982c8e]  PSParallelCompact::invoke(bool)+0x7e
V  [libjvm.so+0x45cb73]  CollectedHeap::collect_as_vm_thread(GCCause::Cause)+0x153
V  [libjvm.so+0xad45b1]  VM_CollectForMetadataAllocation::doit()+0x161
V  [libjvm.so+0xada296]  VM_Operation::evaluate()+0x46
V  [libjvm.so+0xad85cd]  VMThread::evaluate_operation(VM_Operation*) [clone .constprop.44]+0xcd
V  [libjvm.so+0xad8bb3]  VMThread::loop()+0x3a3
V  [libjvm.so+0xad8f88]  VMThread::run()+0x78
V  [libjvm.so+0x90d922]  java_start(Thread*)+0x102

VM_Operation (0x00007fd00cc26a30): CollectForMetadataAllocation, mode: safepoint, requested by thread 0x00007fd00400a800


---------------  P R O C E S S  ---------------

Java Threads: ( => current thread )
  0x00007fd0040ca000 JavaThread "Service Thread" daemon [_thread_blocked, id=12245, stack(0x00007fcff14a6000,0x00007fcff15a7000)]
  0x00007fd0040bf000 JavaThread "C1 CompilerThread2" daemon [_thread_blocked, id=12244, stack(0x00007fcff15a7000,0x00007fcff16a8000)]
  0x00007fd0040bd000 JavaThread "C2 CompilerThread1" daemon [_thread_blocked, id=12243, stack(0x00007fcff16a8000,0x00007fcff17a9000)]
  0x00007fd0040ba800 JavaThread "C2 CompilerThread0" daemon [_thread_blocked, id=12242, stack(0x00007fcff17a9000,0x00007fcff18aa000)]
  0x00007fd0040b9000 JavaThread "Signal Dispatcher" daemon [_thread_blocked, id=12241, stack(0x00007fcff18aa000,0x00007fcff19ab000)]
  0x00007fd004085000 JavaThread "Finalizer" daemon [_thread_blocked, id=12240, stack(0x00007fcff23b0000,0x00007fcff24b1000)]
  0x00007fd004082800 JavaThread "Reference Handler" daemon [_thread_blocked, id=12239, stack(0x00007fcff24b1000,0x00007fcff25b2000)]
  0x00007fd00400a800 JavaThread "main" [_thread_blocked, id=12233, stack(0x00007fd00cb2b000,0x00007fd00cc2c000)]

Other Threads:
=>0x00007fd004078800 VMThread [stack: 0x00007fcff25b2000,0x00007fcff26b3000] [id=12238]
  0x00007fd0040cd000 WatcherThread [stack: 0x00007fcff13a5000,0x00007fcff14a6000] [id=12246]

VM state:at safepoint (normal execution)

VM Mutex/Monitor currently owned by a thread:  ([mutex/lock_event])
[0x00007fd0040069f0] ExpandHeap_lock - owner thread: 0x00007fd004078800
[0x00007fd004007070] Threads_lock - owner thread: 0x00007fd004078800
[0x00007fd004007570] Heap_lock - owner thread: 0x00007fd00400a800

heap address: 0x00000000c2400000, size: 988 MB, Compressed Oops mode: 32-bit
Narrow klass base: 0x0000000000000000, Narrow klass shift: 3
Compressed class space size: 1073741824 Address: 0x0000000100000000

Heap:
 PSYoungGen      total 207360K, used 0K [0x00000000eb700000, 0x00000000fae80000, 0x0000000100000000)
  eden space 192512K, 0% used [0x00000000eb700000,0x00000000eb700000,0x00000000f7300000)
  from space 14848K, 0% used [0x00000000f7300000,0x00000000f7300000,0x00000000f8180000)
  to   space 15872K, 0% used [0x00000000f9f00000,0x00000000f9f00000,0x00000000fae80000)
 ParOldGen       total 40448K, used 35468K [0x00000000c2400000, 0x00000000c4b80000, 0x00000000eb700000)
  object space 40448K, 87% used [0x00000000c2400000,0x00000000c46a3378,0x00000000c4b80000)
 Metaspace       used 34245K, capacity 35110K, committed 35496K, reserved 1081344K
  class space    used 3942K, capacity 4186K, committed 4272K, reserved 1048576K

Card table byte_map: [0x00007fd0096e0000,0x00007fd0098cf000] byte_map_base: 0x00007fd0090ce000

Marking Bits: (ParMarkBitMap*) 0x00007fd00c005d80
 Begin Bits: [0x00007fcff3120000, 0x00007fcff4090000)
 End Bits:   [0x00007fcff4090000, 0x00007fcff5000000)

Polling page: 0x00007fd00cc4a000

CodeCache: size=245760Kb used=17092Kb max_used=17104Kb free=228667Kb
 bounds [0x00007fcff5000000, 0x00007fcff60d0000, 0x00007fd004000000]
 total_blobs=5435 nmethods=5011 adapters=337
 compilation: enabled

Compilation events (10 events):
Event: 17.188 Thread 0x00007fd0040bf000 5519       3       aQute.bnd.osgi.Jar::getVersion (36 bytes)
Event: 17.188 Thread 0x00007fd0040bf000 nmethod 5519 0x00007fcff60bc850 code [0x00007fcff60bca40, 0x00007fcff60bd148]
Event: 17.188 Thread 0x00007fd0040bf000 5520       3       aQute.bnd.osgi.Analyzer::fixupOldStyleVersions (40 bytes)
Event: 17.190 Thread 0x00007fd0040bf000 nmethod 5520 0x00007fcff60bb690 code [0x00007fcff60bb8c0, 0x00007fcff60bc448]
Event: 17.198 Thread 0x00007fd0040bf000 5521       3       java.util.regex.Pattern::bitsOrSingle (104 bytes)
Event: 17.199 Thread 0x00007fd0040bf000 nmethod 5521 0x00007fcff60be650 code [0x00007fcff60be800, 0x00007fcff60bef58]
Event: 17.223 Thread 0x00007fd0040bf000 5522  s    3       java.lang.StringBuffer::charAt (28 bytes)
Event: 17.223 Thread 0x00007fd0040bf000 nmethod 5522 0x00007fcff60baf10 code [0x00007fcff60bb0a0, 0x00007fcff60bb4c8]
Event: 17.225 Thread 0x00007fd0040ba800 5523  s    4       java.lang.StringBuffer::charAt (28 bytes)
Event: 17.227 Thread 0x00007fd0040ba800 nmethod 5523 0x00007fcff60b1c10 code [0x00007fcff60b1d60, 0x00007fcff60b1fd8]

GC Heap History (10 events):
Event: 6.408 GC heap after
Heap after GC invocations=8 (full 0):
 PSYoungGen      total 132608K, used 8704K [0x00000000eb700000, 0x00000000f4700000, 0x0000000100000000)
  eden space 123904K, 0% used [0x00000000eb700000,0x00000000eb700000,0x00000000f3000000)
  from space 8704K, 100% used [0x00000000f3a80000,0x00000000f4300000,0x00000000f4300000)
  to   space 10752K, 0% used [0x00000000f3000000,0x00000000f3000000,0x00000000f3a80000)
 ParOldGen       total 42496K, used 11160K [0x00000000c2400000, 0x00000000c4d80000, 0x00000000eb700000)
  object space 42496K, 26% used [0x00000000c2400000,0x00000000c2ee62e8,0x00000000c4d80000)
 Metaspace       used 19223K, capacity 19592K, committed 19840K, reserved 1067008K
  class space    used 2278K, capacity 2416K, committed 2432K, reserved 1048576K
}
Event: 7.226 GC heap before
{Heap before GC invocations=9 (full 0):
 PSYoungGen      total 132608K, used 40885K [0x00000000eb700000, 0x00000000f4700000, 0x0000000100000000)
  eden space 123904K, 25% used [0x00000000eb700000,0x00000000ed66d760,0x00000000f3000000)
  from space 8704K, 100% used [0x00000000f3a80000,0x00000000f4300000,0x00000000f4300000)
  to   space 10752K, 0% used [0x00000000f3000000,0x00000000f3000000,0x00000000f3a80000)
 ParOldGen       total 42496K, used 11160K [0x00000000c2400000, 0x00000000c4d80000, 0x00000000eb700000)
  object space 42496K, 26% used [0x00000000c2400000,0x00000000c2ee62e8,0x00000000c4d80000)
 Metaspace       used 20798K, capacity 21190K, committed 21296K, reserved 1069056K
  class space    used 2421K, capacity 2565K, committed 2608K, reserved 1048576K
Event: 7.263 GC heap after
Heap after GC invocations=9 (full 0):
 PSYoungGen      total 134656K, used 9821K [0x00000000eb700000, 0x00000000f9000000, 0x0000000100000000)
  eden space 123904K, 0% used [0x00000000eb700000,0x00000000eb700000,0x00000000f3000000)
  from space 10752K, 91% used [0x00000000f3000000,0x00000000f39975c0,0x00000000f3a80000)
  to   space 11776K, 0% used [0x00000000f8480000,0x00000000f8480000,0x00000000f9000000)
 ParOldGen       total 42496K, used 13114K [0x00000000c2400000, 0x00000000c4d80000, 0x00000000eb700000)
  object space 42496K, 30% used [0x00000000c2400000,0x00000000c30ce8a0,0x00000000c4d80000)
 Metaspace       used 20798K, capacity 21190K, committed 21296K, reserved 1069056K
  class space    used 2421K, capacity 2565K, committed 2608K, reserved 1048576K
}
Event: 7.263 GC heap before
{Heap before GC invocations=10 (full 1):
 PSYoungGen      total 134656K, used 9821K [0x00000000eb700000, 0x00000000f9000000, 0x0000000100000000)
  eden space 123904K, 0% used [0x00000000eb700000,0x00000000eb700000,0x00000000f3000000)
  from space 10752K, 91% used [0x00000000f3000000,0x00000000f39975c0,0x00000000f3a80000)
  to   space 11776K, 0% used [0x00000000f8480000,0x00000000f8480000,0x00000000f9000000)
 ParOldGen       total 42496K, used 13114K [0x00000000c2400000, 0x00000000c4d80000, 0x00000000eb700000)
  object space 42496K, 30% used [0x00000000c2400000,0x00000000c30ce8a0,0x00000000c4d80000)
 Metaspace       used 20798K, capacity 21190K, committed 21296K, reserved 1069056K
  class space    used 2421K, capacity 2565K, committed 2608K, reserved 1048576K
Event: 7.387 GC heap after
Heap after GC invocations=10 (full 1):
 PSYoungGen      total 134656K, used 0K [0x00000000eb700000, 0x00000000f9000000, 0x0000000100000000)
  eden space 123904K, 0% used [0x00000000eb700000,0x00000000eb700000,0x00000000f3000000)
  from space 10752K, 0% used [0x00000000f3000000,0x00000000f3000000,0x00000000f3a80000)
  to   space 11776K, 0% used [0x00000000f8480000,0x00000000f8480000,0x00000000f9000000)
 ParOldGen       total 40448K, used 14812K [0x00000000c2400000, 0x00000000c4b80000, 0x00000000eb700000)
  object space 40448K, 36% used [0x00000000c2400000,0x00000000c32773e0,0x00000000c4b80000)
 Metaspace       used 20798K, capacity 21190K, committed 21296K, reserved 1069056K
  class space    used 2421K, capacity 2565K, committed 2608K, reserved 1048576K
}
Event: 11.020 GC heap before
{Heap before GC invocations=11 (full 1):
 PSYoungGen      total 134656K, used 123904K [0x00000000eb700000, 0x00000000f9000000, 0x0000000100000000)
  eden space 123904K, 100% used [0x00000000eb700000,0x00000000f3000000,0x00000000f3000000)
  from space 10752K, 0% used [0x00000000f3000000,0x00000000f3000000,0x00000000f3a80000)
  to   space 11776K, 0% used [0x00000000f8480000,0x00000000f8480000,0x00000000f9000000)
 ParOldGen       total 40448K, used 14812K [0x00000000c2400000, 0x00000000c4b80000, 0x00000000eb700000)
  object space 40448K, 36% used [0x00000000c2400000,0x00000000c32773e0,0x00000000c4b80000)
 Metaspace       used 30655K, capacity 31388K, committed 31536K, reserved 1077248K
  class space    used 3580K, capacity 3806K, committed 3888K, reserved 1048576K
Event: 11.046 GC heap after
Heap after GC invocations=11 (full 1):
 PSYoungGen      total 178176K, used 11775K [0x00000000eb700000, 0x00000000f9000000, 0x0000000100000000)
  eden space 166400K, 0% used [0x00000000eb700000,0x00000000eb700000,0x00000000f5980000)
  from space 11776K, 99% used [0x00000000f8480000,0x00000000f8ffff98,0x00000000f9000000)
  to   space 14848K, 0% used [0x00000000f7300000,0x00000000f7300000,0x00000000f8180000)
 ParOldGen       total 40448K, used 18093K [0x00000000c2400000, 0x00000000c4b80000, 0x00000000eb700000)
  object space 40448K, 44% used [0x00000000c2400000,0x00000000c35ab618,0x00000000c4b80000)
 Metaspace       used 30655K, capacity 31388K, committed 31536K, reserved 1077248K
  class space    used 3580K, capacity 3806K, committed 3888K, reserved 1048576K
}
Event: 17.238 GC heap before
{Heap before GC invocations=12 (full 1):
 PSYoungGen      total 178176K, used 86602K [0x00000000eb700000, 0x00000000f9000000, 0x0000000100000000)
  eden space 166400K, 44% used [0x00000000eb700000,0x00000000f0012a78,0x00000000f5980000)
  from space 11776K, 99% used [0x00000000f8480000,0x00000000f8ffff98,0x00000000f9000000)
  to   space 14848K, 0% used [0x00000000f7300000,0x00000000f7300000,0x00000000f8180000)
 ParOldGen       total 40448K, used 18093K [0x00000000c2400000, 0x00000000c4b80000, 0x00000000eb700000)
  object space 40448K, 44% used [0x00000000c2400000,0x00000000c35ab618,0x00000000c4b80000)
 Metaspace       used 34404K, capacity 35346K, committed 35496K, reserved 1081344K
  class space    used 3962K, capacity 4226K, committed 4272K, reserved 1048576K
Event: 18.290 GC heap after
Heap after GC invocations=12 (full 1):
 PSYoungGen      total 207360K, used 12313K [0x00000000eb700000, 0x00000000fae80000, 0x0000000100000000)
  eden space 192512K, 0% used [0x00000000eb700000,0x00000000eb700000,0x00000000f7300000)
  from space 14848K, 82% used [0x00000000f7300000,0x00000000f7f06598,0x00000000f8180000)
  to   space 15872K, 0% used [0x00000000f9f00000,0x00000000f9f00000,0x00000000fae80000)
 ParOldGen       total 40448K, used 28575K [0x00000000c2400000, 0x00000000c4b80000, 0x00000000eb700000)
  object space 40448K, 70% used [0x00000000c2400000,0x00000000c3fe7c18,0x00000000c4b80000)
 Metaspace       used 34404K, capacity 35346K, committed 35496K, reserved 1081344K
  class space    used 3962K, capacity 4226K, committed 4272K, reserved 1048576K
}
Event: 18.702 GC heap before
{Heap before GC invocations=13 (full 2):
 PSYoungGen      total 207360K, used 12313K [0x00000000eb700000, 0x00000000fae80000, 0x0000000100000000)
  eden space 192512K, 0% used [0x00000000eb700000,0x00000000eb700000,0x00000000f7300000)
  from space 14848K, 82% used [0x00000000f7300000,0x00000000f7f06598,0x00000000f8180000)
  to   space 15872K, 0% used [0x00000000f9f00000,0x00000000f9f00000,0x00000000fae80000)
 ParOldGen       total 40448K, used 28575K [0x00000000c2400000, 0x00000000c4b80000, 0x00000000eb700000)
  object space 40448K, 70% used [0x00000000c2400000,0x00000000c3fe7c18,0x00000000c4b80000)
 Metaspace       used 34404K, capacity 35346K, committed 35496K, reserved 1081344K
  class space    used 3962K, capacity 4226K, committed 4272K, reserved 1048576K

Deoptimization events (10 events):
Event: 16.864 Thread 0x00007fd00400a800 Uncommon trap: reason=bimorphic action=maybe_recompile pc=0x00007fcff5704284 method=java.util.regex.Pattern$5.isSatisfiedBy(I)Z @ 5
Event: 16.864 Thread 0x00007fd00400a800 Uncommon trap: reason=bimorphic action=maybe_recompile pc=0x00007fcff5704284 method=java.util.regex.Pattern$5.isSatisfiedBy(I)Z @ 5
Event: 16.884 Thread 0x00007fd00400a800 Uncommon trap: reason=class_check action=maybe_recompile pc=0x00007fcff51ba478 method=java.util.regex.Pattern$Branch.match(Ljava/util/regex/Matcher;ILjava/lang/CharSequence;)Z @ 50
Event: 16.884 Thread 0x00007fd00400a800 Uncommon trap: reason=class_check action=maybe_recompile pc=0x00007fcff51ba478 method=java.util.regex.Pattern$Branch.match(Ljava/util/regex/Matcher;ILjava/lang/CharSequence;)Z @ 50
Event: 16.884 Thread 0x00007fd00400a800 Uncommon trap: reason=class_check action=maybe_recompile pc=0x00007fcff51ba478 method=java.util.regex.Pattern$Branch.match(Ljava/util/regex/Matcher;ILjava/lang/CharSequence;)Z @ 50
Event: 16.884 Thread 0x00007fd00400a800 Uncommon trap: reason=class_check action=maybe_recompile pc=0x00007fcff51ba478 method=java.util.regex.Pattern$Branch.match(Ljava/util/regex/Matcher;ILjava/lang/CharSequence;)Z @ 50
Event: 16.973 Thread 0x00007fd00400a800 Uncommon trap: reason=class_check action=maybe_recompile pc=0x00007fcff607ee7c method=aQute.bnd.osgi.Jar.putResource(Ljava/lang/String;LaQute/bnd/osgi/Resource;Z)Z @ 6
Event: 16.976 Thread 0x00007fd00400a800 Uncommon trap: reason=class_check action=maybe_recompile pc=0x00007fcff607ee7c method=aQute.bnd.osgi.Jar.putResource(Ljava/lang/String;LaQute/bnd/osgi/Resource;Z)Z @ 6
Event: 16.976 Thread 0x00007fd00400a800 Uncommon trap: reason=class_check action=maybe_recompile pc=0x00007fcff607ee7c method=aQute.bnd.osgi.Jar.putResource(Ljava/lang/String;LaQute/bnd/osgi/Resource;Z)Z @ 6
Event: 16.976 Thread 0x00007fd00400a800 Uncommon trap: reason=class_check action=maybe_recompile pc=0x00007fcff607ee7c method=aQute.bnd.osgi.Jar.putResource(Ljava/lang/String;LaQute/bnd/osgi/Resource;Z)Z @ 6

Classes redefined (0 events):
No events

Internal exceptions (10 events):
Event: 8.822 Thread 0x00007fd00400a800 Exception <a 'java/lang/ClassNotFoundException': com/sun/tools/javac/api/JavacTool> (0x00000000ef049dc0) thrown at [/HUDSON/workspace/8-2-build-linux-amd64/jdk8u201/12317/hotspot/src/share/vm/classfile/systemDictionary.cpp, line 210]
Event: 9.842 Thread 0x00007fd00400a800 Exception <a 'java/io/FileNotFoundException'> (0x00000000f06c37c0) thrown at [/HUDSON/workspace/8-2-build-linux-amd64/jdk8u201/12317/hotspot/src/share/vm/prims/jni.cpp, line 709]
Event: 9.851 Thread 0x00007fd00400a800 Exception <a 'java/io/FileNotFoundException'> (0x00000000f06f8820) thrown at [/HUDSON/workspace/8-2-build-linux-amd64/jdk8u201/12317/hotspot/src/share/vm/prims/jni.cpp, line 709]
Event: 10.966 Thread 0x00007fd00400a800 Implicit null exception at 0x00007fcff564e972 to 0x00007fcff5650101
Event: 11.607 Thread 0x00007fd00400a800 Implicit null exception at 0x00007fcff52e6d35 to 0x00007fcff52e70d1
Event: 11.608 Thread 0x00007fd00400a800 Implicit null exception at 0x00007fcff52095f6 to 0x00007fcff5209995
Event: 12.140 Thread 0x00007fd00400a800 Exception <a 'java/io/FileNotFoundException'> (0x00000000ed0201a8) thrown at [/HUDSON/workspace/8-2-build-linux-amd64/jdk8u201/12317/hotspot/src/share/vm/prims/jni.cpp, line 709]
Event: 12.142 Thread 0x00007fd00400a800 Exception <a 'java/io/FileNotFoundException'> (0x00000000ed0215c8) thrown at [/HUDSON/workspace/8-2-build-linux-amd64/jdk8u201/12317/hotspot/src/share/vm/prims/jni.cpp, line 709]
Event: 15.606 Thread 0x00007fd00585f000 Implicit null exception at 0x00007fcff5fc33c8 to 0x00007fcff5fc3919
Event: 16.717 Thread 0x00007fd00400a800 Implicit null exception at 0x00007fcff606effe to 0x00007fcff606f26d

Events (10 events):
Event: 17.217 loading class com/sun/org/apache/xalan/internal/xsltc/compiler/SymbolTable done
Event: 17.217 loading class com/sun/org/apache/xalan/internal/xsltc/compiler/XPathParser
Event: 17.219 loading class com/sun/java_cup/internal/runtime/lr_parser
Event: 17.222 loading class com/sun/java_cup/internal/runtime/lr_parser done
Event: 17.223 loading class com/sun/org/apache/xalan/internal/xsltc/compiler/XPathParser done
Event: 17.226 loading class com/sun/org/apache/xalan/internal/xsltc/compiler/QName
Event: 17.226 loading class com/sun/org/apache/xalan/internal/xsltc/compiler/QName done
Event: 17.227 loading class com/sun/org/apache/xalan/internal/xsltc/compiler/util/MethodType
Event: 17.229 loading class com/sun/org/apache/xalan/internal/xsltc/compiler/util/Type
Event: 17.235 Executing VM operation: CollectForMetadataAllocation


Dynamic libraries:
00400000-00401000 r-xp 00000000 08:01 2370024                            /usr/lib/jvm/java-8-oracle/bin/java
00600000-00601000 r--p 00000000 08:01 2370024                            /usr/lib/jvm/java-8-oracle/bin/java
00601000-00602000 rw-p 00001000 08:01 2370024                            /usr/lib/jvm/java-8-oracle/bin/java
021d8000-021f9000 rw-p 00000000 00:00 0                                  [heap]
c2400000-c4b80000 rw-p 00000000 00:00 0 
c7700000-eb700000 ---p 00000000 00:00 0 
eb700000-fae80000 rw-p 00000000 00:00 0 
fae80000-100000000 ---p 00000000 00:00 0 
100000000-10042c000 rw-p 00000000 00:00 0 
10042c000-140000000 ---p 00000000 00:00 0 
7fcfac000000-7fcfac021000 rw-p 00000000 00:00 0 
7fcfac021000-7fcfb0000000 ---p 00000000 00:00 0 
7fcfb4000000-7fcfb4021000 rw-p 00000000 00:00 0 
7fcfb4021000-7fcfb8000000 ---p 00000000 00:00 0 
7fcfb8000000-7fcfb8021000 rw-p 00000000 00:00 0 
7fcfb8021000-7fcfbc000000 ---p 00000000 00:00 0 
7fcfbc000000-7fcfbd3a6000 rw-p 00000000 00:00 0 
7fcfbd3a6000-7fcfc0000000 ---p 00000000 00:00 0 
7fcfc0000000-7fcfc108c000 rw-p 00000000 00:00 0 
7fcfc108c000-7fcfc4000000 ---p 00000000 00:00 0 
7fcfc4000000-7fcfc4021000 rw-p 00000000 00:00 0 
7fcfc4021000-7fcfc8000000 ---p 00000000 00:00 0 
7fcfc8000000-7fcfc9622000 rw-p 00000000 00:00 0 
7fcfc9622000-7fcfcc000000 ---p 00000000 00:00 0 
7fcfcc000000-7fcfcc021000 rw-p 00000000 00:00 0 
7fcfcc021000-7fcfd0000000 ---p 00000000 00:00 0 
7fcfd0000000-7fcfd0021000 rw-p 00000000 00:00 0 
7fcfd0021000-7fcfd4000000 ---p 00000000 00:00 0 
7fcfd4000000-7fcfd4021000 rw-p 00000000 00:00 0 
7fcfd4021000-7fcfd8000000 ---p 00000000 00:00 0 
7fcfd8000000-7fcfd8355000 rw-p 00000000 00:00 0 
7fcfd8355000-7fcfdc000000 ---p 00000000 00:00 0 
7fcfdc000000-7fcfdc023000 rw-p 00000000 00:00 0 
7fcfdc023000-7fcfe0000000 ---p 00000000 00:00 0 
7fcfe4000000-7fcfe4021000 rw-p 00000000 00:00 0 
7fcfe4021000-7fcfe8000000 ---p 00000000 00:00 0 
7fcfe8141000-7fcfe81bf000 rw-p 00000000 00:00 0 
7fcfe81bf000-7fcfe8344000 ---p 00000000 00:00 0 
7fcfe8344000-7fcfe8442000 rw-p 00000000 00:00 0 
7fcfe8442000-7fcfe8449000 r--s 00047000 08:01 2108287                    /home/raymond/.m2/repository/com/thoughtworks/qdox/qdox/2.0-M9/qdox-2.0-M9.jar
7fcfe8449000-7fcfe844b000 r--s 0001a000 08:01 1194383                    /home/raymond/.m2/repository/org/ow2/asm/asm/7.0-beta/asm-7.0-beta.jar
7fcfe844b000-7fcfe844e000 r--s 0000a000 08:01 1974856                    /home/raymond/.m2/repository/org/codehaus/plexus/plexus-java/1.0.1/plexus-java-1.0.1.jar
7fcfe844e000-7fcfe8454000 r--s 00047000 08:01 1846663                    /home/raymond/.m2/repository/org/apache/maven/surefire/surefire-booter/3.0.0-M3/surefire-booter-3.0.0-M3.jar
7fcfe8454000-7fcfe8456000 r--s 00002000 08:01 1846659                    /home/raymond/.m2/repository/org/apache/maven/surefire/surefire-logger-api/3.0.0-M3/surefire-logger-api-3.0.0-M3.jar
7fcfe8456000-7fcfe845b000 r--s 00027000 08:01 1846661                    /home/raymond/.m2/repository/org/apache/maven/surefire/surefire-api/3.0.0-M3/surefire-api-3.0.0-M3.jar
7fcfe845b000-7fcfe8466000 r--s 0008f000 08:01 1846657                    /home/raymond/.m2/repository/org/apache/maven/surefire/maven-surefire-common/3.0.0-M3/maven-surefire-common-3.0.0-M3.jar
7fcfe8466000-7fcfe846b000 r--s 002f9000 08:01 2371522                    /usr/lib/jvm/java-8-oracle/jre/lib/charsets.jar
7fcfe846b000-7fcfe847e000 r--s 00345000 08:01 2371528                    /usr/lib/jvm/java-8-oracle/jre/lib/resources.jar
7fcfe847e000-7fcfe867e000 rw-p 00000000 00:00 0 
7fcfe867e000-7fcfe8714000 r--s 0110e000 08:01 289718                     /usr/lib/jvm/java-8-oracle/jre/lib/ext/jfxrt.jar
7fcfe8714000-7fcfe872d000 r--s 0012c000 08:01 954471                     /home/raymond/.m2/repository/io/netty/netty/3.10.5.Final/netty-3.10.5.Final.jar
7fcfe872d000-7fcfe892d000 rw-p 00000000 00:00 0 
7fcfe892e000-7fcfe892f000 r--s 00009000 08:01 668042                     /home/raymond/.m2/repository/org/apache/maven/plugins/maven-surefire-plugin/3.0.0-M3/maven-surefire-plugin-3.0.0-M3.jar
7fcfe892f000-7fcfe8935000 r--s 00022000 08:01 1451364                    /home/raymond/.m2/repository/org/onosproject/onos-incubator-api/1.15.0/onos-incubator-api-1.15.0.jar
7fcfe8935000-7fcfe8937000 r--s 0000b000 08:01 1451362                    /home/raymond/.m2/repository/org/onosproject/onos-core-serializers/1.15.0/onos-core-serializers-1.15.0.jar
7fcfe8937000-7fcfe8939000 r--s 00007000 08:01 412068                     /home/raymond/.m2/repository/org/apache/felix/org.apache.felix.scr.annotations/1.9.12/org.apache.felix.scr.annotations-1.9.12.jar
7fcfe8939000-7fcfe893a000 r--s 00000000 08:01 1451333                    /home/raymond/.m2/repository/org/onosproject/onlab-osgi/1.15.0/onlab-osgi-1.15.0.jar
7fcfe893a000-7fcfe894b000 r--s 00089000 08:01 2110586                    /home/raymond/.m2/repository/joda-time/joda-time/2.9.3/joda-time-2.9.3.jar
7fcfe894b000-7fcfe894f000 r--s 0000c000 08:01 2110584                    /home/raymond/.m2/repository/javax/validation/validation-api/1.1.0.Final/validation-api-1.1.0.Final.jar
7fcfe894f000-7fcfe8950000 r--s 00001000 08:01 1194328                    /home/raymond/.m2/repository/org/glassfish/hk2/external/javax.inject/2.5.0-b42/javax.inject-2.5.0-b42.jar
7fcfe8950000-7fcfe8952000 r--s 00005000 08:01 1321792                    /home/raymond/.m2/repository/javax/annotation/javax.annotation-api/1.2/javax.annotation-api-1.2.jar
7fcfe8952000-7fcfe8955000 r--s 0000f000 08:01 1194333                    /home/raymond/.m2/repository/org/glassfish/jersey/media/jersey-media-jaxb/2.26/jersey-media-jaxb-2.26.jar
7fcfe8955000-7fcfe8959000 r--s 00029000 08:01 1194332                    /home/raymond/.m2/repository/org/glassfish/jersey/core/jersey-client/2.26/jersey-client-2.26.jar
7fcfe8959000-7fcfe895a000 r--s 00004000 08:01 1194329                    /home/raymond/.m2/repository/org/glassfish/hk2/osgi-resource-locator/1.0.1/osgi-resource-locator-1.0.1.jar
7fcfe895a000-7fcfe8971000 r--s 000fc000 08:01 1194327                    /home/raymond/.m2/repository/org/glassfish/jersey/core/jersey-common/2.26/jersey-common-2.26.jar
7fcfe8971000-7fcfe8984000 r--s 000ce000 08:01 1194325                    /home/raymond/.m2/repository/org/glassfish/jersey/core/jersey-server/2.26/jersey-server-2.26.jar
7fcfe8984000-7fcfe8988000 r--s 0001c000 08:01 2235880                    /home/raymond/.m2/repository/javax/ws/rs/javax.ws.rs-api/2.1/javax.ws.rs-api-2.1.jar
7fcfe8988000-7fcfe898a000 r--s 00002000 08:01 1712524                    /home/raymond/.m2/repository/org/onosproject/onlab-rest/1.15.0/onlab-rest-1.15.0.jar
7fcfe898a000-7fcfe8991000 r--s 0006d000 08:01 1321790                    /home/raymond/.m2/repository/org/onosproject/onlab-misc/1.15.0/onlab-misc-1.15.0.jar
7fcfe8991000-7fcfe8993000 r--s 0000c000 08:01 412066                     /home/raymond/.m2/repository/org/objenesis/objenesis/2.6/objenesis-2.6.jar
7fcfe8993000-7fcfe8994000 r--s 00001000 08:01 1451332                    /home/raymond/.m2/repository/com/esotericsoftware/minlog/1.3.0/minlog-1.3.0.jar
7fcfe8994000-7fcfe8996000 r--s 0000c000 08:01 1194323                    /home/raymond/.m2/repository/org/ow2/asm/asm/5.0.4/asm-5.0.4.jar
7fcfe8996000-7fcfe8998000 r--s 00004000 08:01 1451329                    /home/raymond/.m2/repository/com/esotericsoftware/reflectasm/1.11.0/reflectasm-1.11.0.jar
7fcfe8998000-7fcfe899f000 r--s 0004c000 08:01 1451327                    /home/raymond/.m2/repository/com/esotericsoftware/kryo/4.0.1/kryo-4.0.1.jar
7fcfe899f000-7fcfe89a3000 r--s 0001c000 08:01 954485                     /home/raymond/.m2/repository/io/dropwizard/metrics/metrics-core/3.2.2/metrics-core-3.2.2.jar
7fcfe89a3000-7fcfe89b6000 r--s 00135000 08:01 1451325                    /home/raymond/.m2/repository/com/fasterxml/jackson/core/jackson-databind/2.9.5/jackson-databind-2.9.5.jar
7fcfe89b6000-7fcfe89ba000 r--s 0004b000 08:01 2110582                    /home/raymond/.m2/repository/com/fasterxml/jackson/core/jackson-core/2.9.5/jackson-core-2.9.5.jar
7fcfe89ba000-7fcfe89bd000 r--s 0000e000 08:01 1451323                    /home/raymond/.m2/repository/com/fasterxml/jackson/core/jackson-annotations/2.9.5/jackson-annotations-2.9.5.jar
7fcfe89bd000-7fcfe89c9000 r--s 00081000 08:01 954481                     /home/raymond/.m2/repository/io/netty/netty-common/4.1.27.Final/netty-common-4.1.27.Final.jar
7fcfe89c9000-7fcfe89cd000 r--s 0003f000 08:01 954463                     /home/raymond/.m2/repository/io/netty/netty-buffer/4.1.27.Final/netty-buffer-4.1.27.Final.jar
7fcfe89cd000-7fcfe89d2000 r--s 00016000 08:01 1582743                    /home/raymond/.m2/repository/xml-apis/xml-apis/1.0.b2/xml-apis-1.0.b2.jar
7fcfe89d2000-7fcfe89d7000 r--s 0004b000 08:01 1846607                    /home/raymond/.m2/repository/org/apache/servicemix/bundles/org.apache.servicemix.bundles.dom4j/1.6.1_5/org.apache.servicemix.bundles.dom4j-1.6.1_5.jar
7fcfe89d7000-7fcfe89d9000 r--s 00003000 08:01 1712520                    /home/raymond/.m2/repository/com/google/code/findbugs/jsr305/3.0.1/jsr305-3.0.1.jar
7fcfe89d9000-7fcfe89db000 r--s 00009000 08:01 1846604                    /home/raymond/.m2/repository/org/apache/karaf/system/org.apache.karaf.system.core/3.0.8/org.apache.karaf.system.core-3.0.8.jar
7fcfe89db000-7fcfe89df000 r--s 00027000 08:01 1846602                    /home/raymond/.m2/repository/org/apache/karaf/features/org.apache.karaf.features.core/3.0.8/org.apache.karaf.features.core-3.0.8.jar
7fcfe89df000-7fcfe89e4000 r--s 0003d000 08:01 412064                     /home/raymond/.m2/repository/org/apache/felix/org.apache.felix.scr/1.8.2/org.apache.felix.scr-1.8.2.jar
7fcfe89e4000-7fcfe89f6000 r--s 000ab000 08:01 412062                     /home/raymond/.m2/repository/org/osgi/org.osgi.compendium/5.0.0/org.osgi.compendium-5.0.0.jar
7fcfe89f6000-7fcfe89ff000 r--s 00061000 08:01 412060                     /home/raymond/.m2/repository/org/osgi/org.osgi.core/5.0.0/org.osgi.core-5.0.0.jar
7fcfe89ff000-7fcfe8bff000 rw-p 00000000 00:00 0 
7fcfe8bff000-7fcfe8dff000 rw-p 00000000 00:00 0 
7fcfe8dff000-7fcfe8fff000 rw-p 00000000 00:00 0 
7fcfe8fff000-7fcfec000000 rw-p 00000000 00:00 0 
7fcfec000000-7fcfec021000 rw-p 00000000 00:00 0 
7fcfec021000-7fcff0000000 ---p 00000000 00:00 0 
7fcff0000000-7fcff0001000 r--s 00003000 08:01 1712522                    /home/raymond/.m2/repository/io/dropwizard/metrics/metrics-json/3.2.2/metrics-json-3.2.2.jar
7fcff0001000-7fcff0003000 r--s 00009000 08:01 1194321                    /home/raymond/.m2/repository/org/slf4j/slf4j-api/1.7.25/slf4j-api-1.7.25.jar
7fcff0003000-7fcff0004000 r--s 00000000 08:01 1076045                    /home/raymond/.m2/repository/org/codehaus/mojo/animal-sniffer-annotations/1.14/animal-sniffer-annotations-1.14.jar
7fcff0004000-7fcff0006000 r--s 00001000 08:01 1582791                    /home/raymond/.m2/repository/com/google/j2objc/j2objc-annotations/1.1/j2objc-annotations-1.1.jar
7fcff0006000-7fcff0007000 r--s 00002000 08:01 1582789                    /home/raymond/.m2/repository/com/google/errorprone/error_prone_annotations/2.0.18/error_prone_annotations-2.0.18.jar
7fcff0007000-7fcff0037000 r--s 00245000 08:01 1582787                    /home/raymond/.m2/repository/com/google/guava/guava/22.0/guava-22.0.jar
7fcff0037000-7fcff003a000 r--s 00019000 08:01 954473                     /home/raymond/.m2/repository/commons-pool/commons-pool/1.6/commons-pool-1.6.jar
7fcff003a000-7fcff003e000 r--s 00031000 08:01 954469                     /home/raymond/.m2/repository/commons-io/commons-io/2.6/commons-io-2.6.jar
7fcff003e000-7fcff0046000 r--s 00072000 08:01 1974822                    /home/raymond/.m2/repository/org/apache/commons/commons-lang3/3.7/commons-lang3-3.7.jar
7fcff0046000-7fcff0048000 r--s 0000e000 08:01 954461                     /home/raymond/.m2/repository/commons-logging/commons-logging/1.2/commons-logging-1.2.jar
7fcff0048000-7fcff006d000 r--s 0013b000 08:01 668052                     /home/raymond/.m2/repository/org/onosproject/onos-api/1.15.0/onos-api-1.15.0.jar
7fcff006d000-7fcff0072000 r--s 0003d000 08:01 538532                     /home/raymond/.m2/repository/org/codehaus/plexus/plexus-utils/1.5.8/plexus-utils-1.5.8.jar
7fcff0072000-7fcff0077000 r--s 00038000 08:01 399830                     /home/raymond/.m2/repository/org/osgi/org.osgi.core/4.2.0/org.osgi.core-4.2.0.jar
7fcff0077000-7fcff007c000 r--s 00038000 08:01 1194373                    /home/raymond/.m2/repository/org/ow2/asm/asm-all/5.1/asm-all-5.1.jar
7fcff007c000-7fcff007f000 r--s 00018000 08:01 399431                     /home/raymond/.m2/repository/org/apache/felix/org.apache.felix.scr.generator/1.16.0/org.apache.felix.scr.generator-1.16.0.jar
7fcff007f000-7fcff0082000 r--s 00020000 08:01 395531                     /home/raymond/.m2/repository/org/codehaus/plexus/plexus-archiver/1.0-alpha-7/plexus-archiver-1.0-alpha-7.jar
7fcff0082000-7fcff0083000 r--s 00002000 08:01 2380640                    /home/raymond/.m2/repository/org/apache/maven/maven-archiver/2.2/maven-archiver-2.2.jar
7fcff0083000-7fcff0084000 r--s 00007000 08:01 412030                     /home/raymond/.m2/repository/org/apache/felix/maven-scr-plugin/1.24.0/maven-scr-plugin-1.24.0.jar
7fcff0084000-7fcff00fd000 r--s 010fd000 08:01 2370131                    /usr/lib/jvm/java-8-oracle/lib/tools.jar
7fcff00fd000-7fcff00fe000 r--s 00004000 08:01 668061                     /home/raymond/.m2/repository/org/codehaus/plexus/plexus-compiler-javac/2.8.2/plexus-compiler-javac-2.8.2.jar
7fcff00fe000-7fcff0100000 r--s 00000000 08:01 540898                     /home/raymond/.m2/repository/org/codehaus/plexus/plexus-compiler-manager/2.8.2/plexus-compiler-manager-2.8.2.jar
7fcff0100000-7fcff0102000 r--s 00005000 08:01 540895                     /home/raymond/.m2/repository/org/codehaus/plexus/plexus-compiler-api/2.8.2/plexus-compiler-api-2.8.2.jar
7fcff0102000-7fcff0108000 r--s 00047000 08:01 2110604                    /home/raymond/.m2/repository/com/thoughtworks/qdox/qdox/2.0-M7/qdox-2.0-M7.jar
7fcff0108000-7fcff0109000 r--s 0000d000 08:01 1194362                    /home/raymond/.m2/repository/org/ow2/asm/asm/6.0_BETA/asm-6.0_BETA.jar
7fcff0109000-7fcff010b000 r--s 00006000 08:01 2235892                    /home/raymond/.m2/repository/org/codehaus/plexus/plexus-java/0.9.2/plexus-java-0.9.2.jar
7fcff010b000-7fcff010d000 r--s 00002000 08:01 540893                     /home/raymond/.m2/repository/org/apache/maven/shared/maven-shared-incremental/1.1/maven-shared-incremental-1.1.jar
7fcff010d000-7fcff0110000 r--s 00025000 08:01 2381470                    /home/raymond/.m2/repository/org/apache/maven/shared/maven-shared-utils/3.1.0/maven-shared-utils-3.1.0.jar
7fcff0110000-7fcff0112000 r--s 00000000 08:01 542699                     /home/raymond/.m2/repository/org/codehaus/plexus/plexus-component-annotations/1.6/plexus-component-annotations-1.6.jar
7fcff0112000-7fcff0114000 r--s 0000d000 08:01 1451256                    /home/raymond/.m2/repository/org/codehaus/plexus/plexus-interpolation/1.14/plexus-interpolation-1.14.jar
7fcff0114000-7fcff0118000 r--s 00033000 08:01 542691                     /home/raymond/.m2/repository/org/codehaus/plexus/plexus-utils/2.0.4/plexus-utils-2.0.4.jar
7fcff0118000-7fcff011a000 r--s 0000d000 08:01 668047                     /home/raymond/.m2/repository/org/apache/maven/plugins/maven-compiler-plugin/3.7.0/maven-compiler-plugin-3.7.0.jar
7fcff011a000-7fcff011d000 r--s 00011000 08:01 1451254                    /home/raymond/.m2/repository/org/codehaus/plexus/plexus-interpolation/1.24/plexus-interpolation-1.24.jar
7fcff011d000-7fcff0121000 r--s 0002f000 08:01 954289                     /home/raymond/.m2/repository/commons-io/commons-io/2.5/commons-io-2.5.jar
7fcff0121000-7fcff0124000 r--s 00023000 08:01 2381444                    /home/raymond/.m2/repository/org/apache/maven/shared/maven-shared-utils/3.0.0/maven-shared-utils-3.0.0.jar
7fcff0124000-7fcff0126000 r--s 0000b000 08:01 2381442                    /home/raymond/.m2/repository/org/apache/maven/shared/maven-filtering/3.1.1/maven-filtering-3.1.1.jar
7fcff0126000-7fcff012a000 r--s 0003c000 08:01 542660                     /home/raymond/.m2/repository/org/codehaus/plexus/plexus-utils/3.1.0/plexus-utils-3.1.0.jar
7fcff012a000-7fcff012c000 r--s 00000000 08:01 542661                     /home/raymond/.m2/repository/org/codehaus/plexus/plexus-component-annotations/1.7.1/plexus-component-annotations-1.7.1.jar
7fcff012c000-7fcff0130000 r--s 00017000 08:01 1974725                    /home/raymond/.m2/repository/org/sonatype/aether/aether-util/1.7/aether-util-1.7.jar
7fcff0130000-7fcff013b000 r--s 00069000 08:01 1451252                    /home/raymond/.m2/repository/org/sonatype/sisu/sisu-guice/2.1.7/sisu-guice-2.1.7-noaop.jar
7fcff013b000-7fcff0140000 r--s 00021000 08:01 1451250                    /home/raymond/.m2/repository/org/sonatype/sisu/sisu-inject-bean/1.4.2/sisu-inject-bean-1.4.2.jar
7fcff0140000-7fcff0141000 r--s 00007000 08:01 667944                     /home/raymond/.m2/repository/org/apache/maven/plugins/maven-resources-plugin/3.1.0/maven-resources-plugin-3.1.0.jar
7fcff0141000-7fcff0341000 rw-p 00000000 00:00 0 
7fcff0341000-7fcff0346000 r--s 00034000 08:01 1582799                    /home/raymond/.m2/repository/com/google/code/gson/gson/2.5/gson-2.5.jar
7fcff0346000-7fcff034a000 r--s 0002a000 08:01 954497                     /home/raymond/.m2/repository/commons-io/commons-io/2.4/commons-io-2.4.jar
7fcff034a000-7fcff034d000 r--s 0000b000 08:01 1451352                    /home/raymond/.m2/repository/com/fasterxml/jackson/core/jackson-annotations/2.8.6/jackson-annotations-2.8.6.jar
7fcff034d000-7fcff0351000 r--s 00041000 08:01 2110599                    /home/raymond/.m2/repository/com/fasterxml/jackson/core/jackson-core/2.8.6/jackson-core-2.8.6.jar
7fcff0351000-7fcff0362000 r--s 0011d000 08:01 1451350                    /home/raymond/.m2/repository/com/fasterxml/jackson/core/jackson-databind/2.8.6/jackson-databind-2.8.6.jar
7fcff0362000-7fcff0364000 r--s 0000d000 08:01 954493                     /home/raymond/.m2/repository/commons-logging/commons-logging/1.1.1/commons-logging-1.1.1.jar
7fcff0364000-7fcff0369000 r--s 00041000 08:01 954465                     /home/raymond/.m2/repository/commons-lang/commons-lang/2.6/commons-lang-2.6.jar
7fcff0369000-7fcff0370000 r--s 00052000 08:01 954453                     /home/raymond/.m2/repository/commons-configuration/commons-configuration/1.10/commons-configuration-1.10.jar
7fcff0370000-7fcff037d000 r--s 00083000 08:01 954457                     /home/raymond/.m2/repository/commons-collections/commons-collections/3.2.2/commons-collections-3.2.2.jar
7fcff037d000-7fcff03ac000 r--s 00226000 08:01 2380627                    /home/raymond/.m2/repository/com/google/guava/guava/20.0/guava-20.0.jar
7fcff03ac000-7fcff03b2000 r--s 00042000 08:01 2235886                    /home/raymond/.m2/repository/com/thoughtworks/qdox/qdox/2.0-M3/qdox-2.0-M3.jar
7fcff03b2000-7fcff03b5000 r--s 0001b000 08:01 954237                     /home/raymond/.m2/repository/junit/junit/3.8.1/junit-3.8.1.jar
7fcff03b5000-7fcff03b9000 r--s 00034000 08:01 1076047                    /home/raymond/.m2/repository/org/codehaus/plexus/plexus-utils/1.5.15/plexus-utils-1.5.15.jar
7fcff03b9000-7fcff03bb000 r--s 0000b000 08:01 1451226                    /home/raymond/.m2/repository/org/codehaus/plexus/plexus-interpolation/1.11/plexus-interpolation-1.11.jar
7fcff03bb000-7fcff03c3000 r--s 00055000 08:01 412082                     /home/raymond/.m2/repository/org/eclipse/sisu/org.eclipse.sisu.inject/0.3.2/org.eclipse.sisu.inject-0.3.2.jar
7fcff03c3000-7fcff03c4000 r--s 00001000 08:01 1321805                    /home/raymond/.m2/repository/javax/annotation/jsr250-api/1.0/jsr250-api-1.0.jar
7fcff03c4000-7fcff03c7000 r--s 00008000 08:01 1321803                    /home/raymond/.m2/repository/javax/enterprise/cdi-api/1.0/cdi-api-1.0.jar
7fcff03c7000-7fcff03ce000 r--s 00064000 08:01 1974830                    /home/raymond/.m2/repository/org/apache/commons/commons-lang3/3.4/commons-lang3-3.4.jar
7fcff03ce000-7fcff03cf000 r--s 0000b000 08:01 1184860                    /home/raymond/.m2/repository/org/onosproject/onos-maven-plugin/1.11/onos-maven-plugin-1.11.jar
7fcff03cf000-7fcff03d3000 r--s 00034000 08:01 542609                     /home/raymond/.m2/repository/org/codehaus/plexus/plexus-utils/3.0/plexus-utils-3.0.jar
7fcff03d3000-7fcff03d5000 r--s 00005000 08:01 954205                     /home/raymond/.m2/repository/org/apache/maven/plugins/maven-clean-plugin/2.5/maven-clean-plugin-2.5.jar
7fcff03d5000-7fcff05d5000 rw-p 00000000 00:00 0 
7fcff05d5000-7fcff05d8000 r--s 00023000 08:01 412025                     /home/raymond/.m2/repository/org/jdom/jdom/1.1/jdom-1.1.jar
7fcff05d8000-7fcff05da000 r--s 00004000 08:01 412023                     /home/raymond/.m2/repository/org/apache/maven/doxia/doxia-module-xhtml/1.0/doxia-module-xhtml-1.0.jar
7fcff05da000-7fcff05db000 r--s 00006000 08:01 2110554                    /home/raymond/.m2/repository/org/apache/maven/doxia/doxia-module-xdoc/1.0/doxia-module-xdoc-1.0.jar
7fcff05db000-7fcff05dc000 r--s 00004000 08:01 1974804                    /home/raymond/.m2/repository/org/apache/maven/doxia/doxia-module-fml/1.0/doxia-module-fml-1.0.jar
7fcff05dc000-7fcff05de000 r--s 0000a000 08:01 410147                     /home/raymond/.m2/repository/org/apache/maven/doxia/doxia-module-apt/1.0/doxia-module-apt-1.0.jar
7fcff05de000-7fcff05eb000 r--s 0007f000 08:01 2110553                    /home/raymond/.m2/repository/commons-collections/commons-collections/3.2/commons-collections-3.2.jar
7fcff05eb000-7fcff05ec000 r--s 0000b000 08:01 2110550                    /home/raymond/.m2/repository/org/apache/maven/doxia/doxia-decoration-model/1.0/doxia-decoration-model-1.0.jar
7fcff05ec000-7fcff05ee000 r--s 0000e000 08:01 954383                     /home/raymond/.m2/repository/oro/oro/2.0.8/oro-2.0.8.jar
7fcff05ee000-7fcff05f2000 r--s 0002f000 08:01 954379                     /home/raymond/.m2/repository/commons-lang/commons-lang/2.1/commons-lang-2.1.jar
7fcff05f2000-7fcff05fa000 r--s 00058000 08:01 1846523                    /home/raymond/.m2/repository/org/apache/velocity/velocity/1.5/velocity-1.5.jar
7fcff05fa000-7fcff05fb000 r--s 00001000 08:01 540860                     /home/raymond/.m2/repository/org/codehaus/plexus/plexus-velocity/1.1.7/plexus-velocity-1.1.7.jar
7fcff05fb000-7fcff05fc000 r--s 00002000 08:01 540858                     /home/raymond/.m2/repository/org/codehaus/plexus/plexus-i18n/1.0-beta-7/plexus-i18n-1.0-beta-7.jar
7fcff05fc000-7fcff05ff000 r--s 0000b000 08:01 1846571                    /home/raymond/.m2/repository/org/apache/maven/doxia/doxia-core/1.0/doxia-core-1.0.jar
7fcff05ff000-7fcff0601000 r--s 0000a000 08:01 1846568                    /home/raymond/.m2/repository/org/apache/maven/doxia/doxia-site-renderer/1.0/doxia-site-renderer-1.0.jar
7fcff0601000-7fcff0602000 r--s 00002000 08:01 1846566                    /home/raymond/.m2/repository/org/apache/maven/doxia/doxia-sink-api/1.0/doxia-sink-api-1.0.jar
7fcff0602000-7fcff0604000 r--s 00001000 08:01 1194091                    /home/raymond/.m2/repository/org/sonatype/plexus/plexus-build-api/0.0.7/plexus-build-api-0.0.7.jar
7fcff0604000-7fcff0608000 r--s 00035000 08:01 540856                     /home/raymond/.m2/repository/org/codehaus/plexus/plexus-utils/3.0.10/plexus-utils-3.0.10.jar
7fcff0608000-7fcff060c000 r--s 0001d000 08:01 1321772                    /home/raymond/.m2/repository/org/eclipse/aether/aether-util/0.9.0.M2/aether-util-0.9.0.M2.jar
7fcff060c000-7fcff060e000 r--s 00000000 08:01 542683                     /home/raymond/.m2/repository/org/codehaus/plexus/plexus-component-annotations/1.5.5/plexus-component-annotations-1.5.5.jar
7fcff060e000-7fcff0611000 r--s 0000c000 08:01 412020                     /home/raymond/.m2/repository/org/apache/maven/shared/maven-dependency-tree/2.1/maven-dependency-tree-2.1.jar
7fcff0611000-7fcff0614000 r--s 0000d000 08:01 412018                     /home/raymond/.m2/repository/org/codehaus/plexus/plexus-interpolation/1.21/plexus-interpolation-1.21.jar
7fcff0614000-7fcff061b000 r--s 00056000 08:01 2110548                    /home/raymond/.m2/repository/org/apache/commons/commons-compress/1.9/commons-compress-1.9.jar
7fcff061b000-7fcff061f000 r--s 0000f000 08:01 412015                     /home/raymond/.m2/repository/org/codehaus/plexus/plexus-io/2.3.2/plexus-io-2.3.2.jar
7fcff061f000-7fcff0623000 r--s 0001f000 08:01 412014                     /home/raymond/.m2/repository/org/codehaus/plexus/plexus-archiver/2.8.1/plexus-archiver-2.8.1.jar
7fcff0623000-7fcff0625000 r--s 00006000 08:01 1712455                    /home/raymond/.m2/repository/com/google/code/findbugs/jsr305/2.0.1/jsr305-2.0.1.jar
7fcff0625000-7fcff0629000 r--s 00026000 08:01 412012                     /home/raymond/.m2/repository/org/apache/maven/shared/maven-shared-utils/0.7/maven-shared-utils-0.7.jar
7fcff0629000-7fcff062a000 r--s 00005000 08:01 412010                     /home/raymond/.m2/repository/org/apache/maven/maven-archiver/2.6/maven-archiver-2.6.jar
7fcff062a000-7fcff062c000 r--s 00002000 08:01 1194092                    /home/raymond/.m2/repository/org/sonatype/plexus/plexus-cipher/1.4/plexus-cipher-1.4.jar
7fcff062c000-7fcff062d000 r--s 00006000 08:01 1194090                    /home/raymond/.m2/repository/org/sonatype/plexus/plexus-sec-dispatcher/1.3/plexus-sec-dispatcher-1.3.jar
7fcff062d000-7fcff0635000 r--s 00049000 08:01 954253                     /home/raymond/.m2/repository/backport-util-concurrent/backport-util-concurrent/3.1/backport-util-concurrent-3.1.jar
7fcff0635000-7fcff0637000 r--s 00002000 08:01 1321770                    /home/raymond/.m2/repository/org/codehaus/plexus/plexus-interactivity-api/1.0-alpha-4/plexus-interactivity-api-1.0-alpha-4.jar
7fcff0637000-7fcff0639000 r--s 00009000 08:01 1712473                    /home/raymond/.m2/repository/commons-cli/commons-cli/1.2/commons-cli-1.2.jar
7fcff0639000-7fcff063b000 r--s 00009000 08:01 1184768                    /home/raymond/.m2/repository/org/hamcrest/hamcrest-core/1.3/hamcrest-core-1.3.jar
7fcff063b000-7fcff0643000 r--s 00045000 08:01 412001                     /home/raymond/.m2/repository/junit/junit/4.12/junit-4.12.jar
7fcff0643000-7fcff0644000 r--s 00002000 08:01 1846533                    /home/raymond/.m2/repository/org/apache/maven/doxia/doxia-logging-api/1.1/doxia-logging-api-1.1.jar
7fcff0644000-7fcff0645000 r--s 00002000 08:01 410169                     /home/raymond/.m2/repository/org/apache/maven/reporting/maven-reporting-api/2.2.0/maven-reporting-api-2.2.0.jar
7fcff0645000-7fcff0647000 r--s 00003000 08:01 1194144                    /home/raymond/.m2/repository/org/slf4j/jcl-over-slf4j/1.5.6/jcl-over-slf4j-1.5.6.jar
7fcff0647000-7fcff0649000 r--s 00001000 08:01 1194139                    /home/raymond/.m2/repository/org/slf4j/slf4j-jdk14/1.5.6/slf4j-jdk14-1.5.6.jar
7fcff0649000-7fcff0657000 r--s 00088000 08:01 410160                     /home/raymond/.m2/repository/org/osgi/org.osgi.compendium/4.2.0/org.osgi.compendium-4.2.0.jar
7fcff0657000-7fcff0659000 r--s 0000f000 08:01 410159                     /home/raymond/.m2/repository/org/apache/felix/org.apache.felix.utils/1.6.0/org.apache.felix.utils-1.6.0.jar
7fcff0659000-7fcff065b000 r--s 0000b000 08:01 410156                     /home/raymond/.m2/repository/org/objenesis/objenesis/2.2/objenesis-2.2.jar
7fcff065b000-7fcff0664000 r--s 0006b000 08:01 410152                     /home/raymond/.m2/repository/org/easymock/easymock/3.4/easymock-3.4.jar
7fcff0664000-7fcff0668000 r--s 00026000 08:01 410154                     /home/raymond/.m2/repository/org/apache/felix/org.apache.felix.bundlerepository/1.6.6/org.apache.felix.bundlerepository-1.6.6.jar
7fcff0668000-7fcff0692000 r--s 00235000 08:01 410150                     /home/raymond/.m2/repository/biz/aQute/bnd/biz.aQute.bndlib/3.3.0/biz.aQute.bndlib-3.3.0.jar
7fcff0692000-7fcff0699000 r--s 0004f000 08:01 410148                     /home/raymond/.m2/repository/org/osgi/org.osgi.core/4.3.1/org.osgi.core-4.3.1.jar
7fcff0699000-7fcff069c000 r--s 00034000 08:01 410146                     /home/raymond/.m2/repository/org/apache/felix/maven-bundle-plugin/3.3.0/maven-bundle-plugin-3.3.0.jar
7fcff069c000-7fcff089c000 rw-p 00000000 00:00 0 
7fcff089c000-7fcff089f000 r--s 00027000 08:01 667919                     /home/raymond/.m2/repository/org/codehaus/plexus/plexus-utils/1.1/plexus-utils-1.1.jar
7fcff089f000-7fcff08a0000 r--s 00001000 08:01 1974694                    /home/raymond/.m2/repository/org/apache/maven/archetype/archetype-packaging/2.4/archetype-packaging-2.4.jar
7fcff08a0000-7fcff08b1000 r-xp 00000000 08:01 528258                     /usr/lib/jvm/java-8-oracle/jre/lib/amd64/libnio.so
7fcff08b1000-7fcff0ab0000 ---p 00011000 08:01 528258                     /usr/lib/jvm/java-8-oracle/jre/lib/amd64/libnio.so
7fcff0ab0000-7fcff0ab1000 r--p 00010000 08:01 528258                     /usr/lib/jvm/java-8-oracle/jre/lib/amd64/libnio.so
7fcff0ab1000-7fcff0ab2000 rw-p 00011000 08:01 528258                     /usr/lib/jvm/java-8-oracle/jre/lib/amd64/libnio.so
7fcff0ab2000-7fcff0ac8000 r-xp 00000000 08:01 528255                     /usr/lib/jvm/java-8-oracle/jre/lib/amd64/libnet.so
7fcff0ac8000-7fcff0cc8000 ---p 00016000 08:01 528255                     /usr/lib/jvm/java-8-oracle/jre/lib/amd64/libnet.so
7fcff0cc8000-7fcff0cc9000 r--p 00016000 08:01 528255                     /usr/lib/jvm/java-8-oracle/jre/lib/amd64/libnet.so
7fcff0cc9000-7fcff0cca000 rw-p 00017000 08:01 528255                     /usr/lib/jvm/java-8-oracle/jre/lib/amd64/libnet.so
7fcff0cca000-7fcff0cce000 r--s 000a1000 08:01 2371529                    /usr/lib/jvm/java-8-oracle/jre/lib/jsse.jar
7fcff0cce000-7fcff0ece000 rw-p 00000000 00:00 0 
7fcff0ece000-7fcff10ce000 rw-p 00000000 00:00 0 
7fcff10ce000-7fcff12ce000 rw-p 00000000 00:00 0 
7fcff12ce000-7fcff12cf000 r--s 00001000 08:01 284396                     /usr/share/java/wagon-file-2.x.jar
7fcff12cf000-7fcff12d4000 r--s 0001d000 08:01 280068                     /usr/share/java/eclipse-aether-api.jar
7fcff12d4000-7fcff12d7000 r--s 00007000 08:01 284490                     /usr/share/java/maven3-settings-builder-3.3.9.jar
7fcff12d7000-7fcff12d9000 r--s 00000000 08:01 283862                     /usr/share/java/plexus-component-annotations-1.5.jar
7fcff12d9000-7fcff12e7000 r--s 00095000 08:01 280104                     /usr/share/java/guice.jar
7fcff12e7000-7fcff12e8000 r--s 0000a000 08:01 284481                     /usr/share/java/maven3-settings-3.3.9.jar
7fcff12e8000-7fcff12eb000 r--s 0000a000 08:01 284492                     /usr/share/java/maven3-artifact-3.3.9.jar
7fcff12eb000-7fcff12ec000 r--s 00004000 08:01 274689                     /usr/share/java/atinject-jsr330-tck-1.0.jar
7fcff12ec000-7fcff12ee000 r--s 00006000 08:01 280066                     /usr/share/java/eclipse-aether-spi.jar
7fcff12ee000-7fcff12f0000 r--s 00001000 08:01 284491                     /usr/share/java/maven3-builder-support-3.3.9.jar
7fcff12f0000-7fcff12fd000 r--s 0008d000 08:01 284484                     /usr/share/java/maven3-core-3.3.9.jar
7fcff12fd000-7fcff12ff000 r--s 00007000 08:01 276090                     /usr/share/java/slf4j-api.jar
7fcff12ff000-7fcff1301000 r--s 0000d000 08:01 284489                     /usr/share/java/maven3-aether-provider-3.3.9.jar
7fcff1301000-7fcff1307000 r--s 00048000 08:01 279972                     /usr/share/java/jsoup.jar
7fcff1307000-7fcff130b000 r--s 00020000 08:01 280069                     /usr/share/java/eclipse-aether-util.jar
7fcff130b000-7fcff130f000 r--s 00027000 08:01 274772                     /usr/share/java/commons-io-2.4.jar
7fcff130f000-7fcff133b000 r--s 00208000 08:01 279984                     /usr/share/java/guava.jar
7fcff133b000-7fcff133d000 r--s 00013000 08:01 284487                     /usr/share/java/maven3-embedder-3.3.9.jar
7fcff133d000-7fcff1341000 r--s 00027000 08:01 280061                     /usr/share/java/eclipse-aether-impl.jar
7fcff1341000-7fcff1349000 r--s 00054000 08:01 284154                     /usr/share/java/sisu-inject.jar
7fcff1349000-7fcff1350000 r--s 0005d000 08:01 274784                     /usr/share/java/commons-lang3.jar
7fcff1350000-7fcff1357000 r--s 00041000 08:01 284483                     /usr/share/java/maven3-compat-3.3.9.jar
7fcff1357000-7fcff1358000 r--s 00006000 08:01 281901                     /usr/share/java/plexus-sec-dispatcher.jar
7fcff1358000-7fcff1359000 r--s 00006000 08:01 284485                     /usr/share/java/maven3-repository-metadata-3.3.9.jar
7fcff1359000-7fcff1360000 r--s 0002c000 08:01 284231                     /usr/share/java/sisu-plexus.jar
7fcff1360000-7fcff1361000 r--s 00000000 08:01 274703                     /usr/share/java/geronimo-interceptor-3.0-spec-1.0.1.jar
7fcff1361000-7fcff1363000 r--s 00012000 08:01 274713                     /usr/share/java/el-api-3.0.jar
7fcff1363000-7fcff1364000 r--s 00000000 08:01 274690                     /usr/share/java/atinject-jsr330-api-1.0.jar
7fcff1364000-7fcff1367000 r--s 00008000 08:01 274718                     /usr/share/java/cdi-api-1.0.jar
7fcff1367000-7fcff1368000 r--s 00002000 08:01 276084                     /usr/share/java/slf4j-simple.jar
7fcff1368000-7fcff1399000 r--s 00207000 08:01 284400                     /usr/share/java/wagon-http-shaded-2.x.jar
7fcff1399000-7fcff139a000 r--s 00008000 08:01 280064                     /usr/share/java/eclipse-aether-connector-basic.jar
7fcff139a000-7fcff139f000 r--s 00040000 08:01 274778                     /usr/share/java/commons-lang-2.6.jar
7fcff139f000-7fcff13a1000 r--s 00027000 08:01 284488                     /usr/share/java/maven3-model-3.3.9.jar
7fcff13a1000-7fcff13a3000 r--s 0000a000 08:01 274740                     /usr/share/java/commons-cli-1.3.1.jar
7fcff13a3000-7fcff13a5000 r--s 00002000 08:01 281879                     /usr/share/java/plexus-cipher.jar
7fcff13a5000-7fcff13a6000 ---p 00000000 00:00 0 
7fcff13a6000-7fcff14a6000 rw-p 00000000 00:00 0 
7fcff14a6000-7fcff14a9000 ---p 00000000 00:00 0 
7fcff14a9000-7fcff15a7000 rw-p 00000000 00:00 0 
7fcff15a7000-7fcff15aa000 ---p 00000000 00:00 0 
7fcff15aa000-7fcff16a8000 rw-p 00000000 00:00 0 
7fcff16a8000-7fcff16ab000 ---p 00000000 00:00 0 
7fcff16ab000-7fcff17a9000 rw-p 00000000 00:00 0 
7fcff17a9000-7fcff17ac000 ---p 00000000 00:00 0 
7fcff17ac000-7fcff18aa000 rw-p 00000000 00:00 0 
7fcff18aa000-7fcff18ad000 ---p 00000000 00:00 0 
7fcff18ad000-7fcff19ab000 rw-p 00000000 00:00 0 
7fcff19ab000-7fcff23b0000 r--p 00000000 08:01 2363864                    /usr/lib/locale/locale-archive
7fcff23b0000-7fcff23b3000 ---p 00000000 00:00 0 
7fcff23b3000-7fcff24b1000 rw-p 00000000 00:00 0 
7fcff24b1000-7fcff24b4000 ---p 00000000 00:00 0 
7fcff24b4000-7fcff25b2000 rw-p 00000000 00:00 0 
7fcff25b2000-7fcff25b3000 ---p 00000000 00:00 0 
7fcff25b3000-7fcff5000000 rw-p 00000000 00:00 0 
7fcff5000000-7fcff60d0000 rwxp 00000000 00:00 0 
7fcff60d0000-7fd004000000 ---p 00000000 00:00 0 
7fd004000000-7fd005948000 rw-p 00000000 00:00 0 
7fd005948000-7fd008000000 ---p 00000000 00:00 0 
7fd008000000-7fd008554000 rw-p 00000000 00:00 0 
7fd008554000-7fd00872e000 r--s 03d6f000 08:01 2371524                    /usr/lib/jvm/java-8-oracle/jre/lib/rt.jar
7fd00872e000-7fd009192000 rw-p 00000000 00:00 0 
7fd009192000-7fd009193000 ---p 00000000 00:00 0 
7fd009193000-7fd009293000 rw-p 00000000 00:00 0 
7fd009293000-7fd009294000 ---p 00000000 00:00 0 
7fd009294000-7fd009394000 rw-p 00000000 00:00 0 
7fd009394000-7fd009395000 ---p 00000000 00:00 0 
7fd009395000-7fd009495000 rw-p 00000000 00:00 0 
7fd009495000-7fd009496000 ---p 00000000 00:00 0 
7fd009496000-7fd0095aa000 rw-p 00000000 00:00 0 
7fd0095aa000-7fd0096e0000 ---p 00000000 00:00 0 
7fd0096e0000-7fd0096f4000 rw-p 00000000 00:00 0 
7fd0096f4000-7fd009829000 ---p 00000000 00:00 0 
7fd009829000-7fd0098a6000 rw-p 00000000 00:00 0 
7fd0098a6000-7fd0098ce000 ---p 00000000 00:00 0 
7fd0098ce000-7fd009913000 rw-p 00000000 00:00 0 
7fd009913000-7fd009c8f000 ---p 00000000 00:00 0 
7fd009c8f000-7fd009caa000 r-xp 00000000 08:01 528251                     /usr/lib/jvm/java-8-oracle/jre/lib/amd64/libzip.so
7fd009caa000-7fd009ea9000 ---p 0001b000 08:01 528251                     /usr/lib/jvm/java-8-oracle/jre/lib/amd64/libzip.so
7fd009ea9000-7fd009eaa000 r--p 0001a000 08:01 528251                     /usr/lib/jvm/java-8-oracle/jre/lib/amd64/libzip.so
7fd009eaa000-7fd009eab000 rw-p 0001b000 08:01 528251                     /usr/lib/jvm/java-8-oracle/jre/lib/amd64/libzip.so
7fd009eab000-7fd009eb6000 r-xp 00000000 08:01 947734                     /lib/x86_64-linux-gnu/libnss_files-2.23.so
7fd009eb6000-7fd00a0b5000 ---p 0000b000 08:01 947734                     /lib/x86_64-linux-gnu/libnss_files-2.23.so
7fd00a0b5000-7fd00a0b6000 r--p 0000a000 08:01 947734                     /lib/x86_64-linux-gnu/libnss_files-2.23.so
7fd00a0b6000-7fd00a0b7000 rw-p 0000b000 08:01 947734                     /lib/x86_64-linux-gnu/libnss_files-2.23.so
7fd00a0b7000-7fd00a0bd000 rw-p 00000000 00:00 0 
7fd00a0bd000-7fd00a0c8000 r-xp 00000000 08:01 947721                     /lib/x86_64-linux-gnu/libnss_nis-2.23.so
7fd00a0c8000-7fd00a2c7000 ---p 0000b000 08:01 947721                     /lib/x86_64-linux-gnu/libnss_nis-2.23.so
7fd00a2c7000-7fd00a2c8000 r--p 0000a000 08:01 947721                     /lib/x86_64-linux-gnu/libnss_nis-2.23.so
7fd00a2c8000-7fd00a2c9000 rw-p 0000b000 08:01 947721                     /lib/x86_64-linux-gnu/libnss_nis-2.23.so
7fd00a2c9000-7fd00a2df000 r-xp 00000000 08:01 947729                     /lib/x86_64-linux-gnu/libnsl-2.23.so
7fd00a2df000-7fd00a4de000 ---p 00016000 08:01 947729                     /lib/x86_64-linux-gnu/libnsl-2.23.so
7fd00a4de000-7fd00a4df000 r--p 00015000 08:01 947729                     /lib/x86_64-linux-gnu/libnsl-2.23.so
7fd00a4df000-7fd00a4e0000 rw-p 00016000 08:01 947729                     /lib/x86_64-linux-gnu/libnsl-2.23.so
7fd00a4e0000-7fd00a4e2000 rw-p 00000000 00:00 0 
7fd00a4e2000-7fd00a4ea000 r-xp 00000000 08:01 947738                     /lib/x86_64-linux-gnu/libnss_compat-2.23.so
7fd00a4ea000-7fd00a6e9000 ---p 00008000 08:01 947738                     /lib/x86_64-linux-gnu/libnss_compat-2.23.so
7fd00a6e9000-7fd00a6ea000 r--p 00007000 08:01 947738                     /lib/x86_64-linux-gnu/libnss_compat-2.23.so
7fd00a6ea000-7fd00a6eb000 rw-p 00008000 08:01 947738                     /lib/x86_64-linux-gnu/libnss_compat-2.23.so
7fd00a6eb000-7fd00a717000 r-xp 00000000 08:01 528245                     /usr/lib/jvm/java-8-oracle/jre/lib/amd64/libjava.so
7fd00a717000-7fd00a917000 ---p 0002c000 08:01 528245                     /usr/lib/jvm/java-8-oracle/jre/lib/amd64/libjava.so
7fd00a917000-7fd00a918000 r--p 0002c000 08:01 528245                     /usr/lib/jvm/java-8-oracle/jre/lib/amd64/libjava.so
7fd00a918000-7fd00a91a000 rw-p 0002d000 08:01 528245                     /usr/lib/jvm/java-8-oracle/jre/lib/amd64/libjava.so
7fd00a91a000-7fd00a927000 r-xp 00000000 08:01 528250                     /usr/lib/jvm/java-8-oracle/jre/lib/amd64/libverify.so
7fd00a927000-7fd00ab26000 ---p 0000d000 08:01 528250                     /usr/lib/jvm/java-8-oracle/jre/lib/amd64/libverify.so
7fd00ab26000-7fd00ab28000 r--p 0000c000 08:01 528250                     /usr/lib/jvm/java-8-oracle/jre/lib/amd64/libverify.so
7fd00ab28000-7fd00ab29000 rw-p 0000e000 08:01 528250                     /usr/lib/jvm/java-8-oracle/jre/lib/amd64/libverify.so
7fd00ab29000-7fd00ab30000 r-xp 00000000 08:01 939371                     /lib/x86_64-linux-gnu/librt-2.23.so
7fd00ab30000-7fd00ad2f000 ---p 00007000 08:01 939371                     /lib/x86_64-linux-gnu/librt-2.23.so
7fd00ad2f000-7fd00ad30000 r--p 00006000 08:01 939371                     /lib/x86_64-linux-gnu/librt-2.23.so
7fd00ad30000-7fd00ad31000 rw-p 00007000 08:01 939371                     /lib/x86_64-linux-gnu/librt-2.23.so
7fd00ad31000-7fd00ae39000 r-xp 00000000 08:01 947740                     /lib/x86_64-linux-gnu/libm-2.23.so
7fd00ae39000-7fd00b038000 ---p 00108000 08:01 947740                     /lib/x86_64-linux-gnu/libm-2.23.so
7fd00b038000-7fd00b039000 r--p 00107000 08:01 947740                     /lib/x86_64-linux-gnu/libm-2.23.so
7fd00b039000-7fd00b03a000 rw-p 00108000 08:01 947740                     /lib/x86_64-linux-gnu/libm-2.23.so
7fd00b03a000-7fd00bd22000 r-xp 00000000 08:01 528227                     /usr/lib/jvm/java-8-oracle/jre/lib/amd64/server/libjvm.so
7fd00bd22000-7fd00bf21000 ---p 00ce8000 08:01 528227                     /usr/lib/jvm/java-8-oracle/jre/lib/amd64/server/libjvm.so
7fd00bf21000-7fd00bfb7000 r--p 00ce7000 08:01 528227                     /usr/lib/jvm/java-8-oracle/jre/lib/amd64/server/libjvm.so
7fd00bfb7000-7fd00bfe8000 rw-p 00d7d000 08:01 528227                     /usr/lib/jvm/java-8-oracle/jre/lib/amd64/server/libjvm.so
7fd00bfe8000-7fd00c023000 rw-p 00000000 00:00 0 
7fd00c023000-7fd00c1e3000 r-xp 00000000 08:01 947737                     /lib/x86_64-linux-gnu/libc-2.23.so
7fd00c1e3000-7fd00c3e3000 ---p 001c0000 08:01 947737                     /lib/x86_64-linux-gnu/libc-2.23.so
7fd00c3e3000-7fd00c3e7000 r--p 001c0000 08:01 947737                     /lib/x86_64-linux-gnu/libc-2.23.so
7fd00c3e7000-7fd00c3e9000 rw-p 001c4000 08:01 947737                     /lib/x86_64-linux-gnu/libc-2.23.so
7fd00c3e9000-7fd00c3ed000 rw-p 00000000 00:00 0 
7fd00c3ed000-7fd00c3f0000 r-xp 00000000 08:01 947714                     /lib/x86_64-linux-gnu/libdl-2.23.so
7fd00c3f0000-7fd00c5ef000 ---p 00003000 08:01 947714                     /lib/x86_64-linux-gnu/libdl-2.23.so
7fd00c5ef000-7fd00c5f0000 r--p 00002000 08:01 947714                     /lib/x86_64-linux-gnu/libdl-2.23.so
7fd00c5f0000-7fd00c5f1000 rw-p 00003000 08:01 947714                     /lib/x86_64-linux-gnu/libdl-2.23.so
7fd00c5f1000-7fd00c608000 r-xp 00000000 08:01 2371386                    /usr/lib/jvm/java-8-oracle/lib/amd64/jli/libjli.so
7fd00c608000-7fd00c807000 ---p 00017000 08:01 2371386                    /usr/lib/jvm/java-8-oracle/lib/amd64/jli/libjli.so
7fd00c807000-7fd00c808000 r--p 00016000 08:01 2371386                    /usr/lib/jvm/java-8-oracle/lib/amd64/jli/libjli.so
7fd00c808000-7fd00c809000 rw-p 00017000 08:01 2371386                    /usr/lib/jvm/java-8-oracle/lib/amd64/jli/libjli.so
7fd00c809000-7fd00c821000 r-xp 00000000 08:01 947716                     /lib/x86_64-linux-gnu/libpthread-2.23.so
7fd00c821000-7fd00ca20000 ---p 00018000 08:01 947716                     /lib/x86_64-linux-gnu/libpthread-2.23.so
7fd00ca20000-7fd00ca21000 r--p 00017000 08:01 947716                     /lib/x86_64-linux-gnu/libpthread-2.23.so
7fd00ca21000-7fd00ca22000 rw-p 00018000 08:01 947716                     /lib/x86_64-linux-gnu/libpthread-2.23.so
7fd00ca22000-7fd00ca26000 rw-p 00000000 00:00 0 
7fd00ca26000-7fd00ca4c000 r-xp 00000000 08:01 947715                     /lib/x86_64-linux-gnu/ld-2.23.so
7fd00ca4c000-7fd00ca50000 r--s 00038000 08:01 283828                     /usr/share/java/plexus-utils2.jar
7fd00ca50000-7fd00ca52000 r--s 0000e000 08:01 275592                     /usr/share/java/plexus-interpolation.jar
7fd00ca52000-7fd00cb2b000 rw-p 00000000 00:00 0 
7fd00cb2b000-7fd00cb2e000 ---p 00000000 00:00 0 
7fd00cb2e000-7fd00cc31000 rw-p 00000000 00:00 0 
7fd00cc31000-7fd00cc33000 r--s 0000a000 08:01 284482                     /usr/share/java/maven3-plugin-api-3.3.9.jar
7fd00cc33000-7fd00cc34000 r--s 00001000 08:01 284403                     /usr/share/java/wagon-http-shared-2.x.jar
7fd00cc34000-7fd00cc36000 r--s 0000a000 08:01 284397                     /usr/share/java/wagon-provider-api-2.x.jar
7fd00cc36000-7fd00cc3b000 r--s 00025000 08:01 284486                     /usr/share/java/maven3-model-builder-3.3.9.jar
7fd00cc3b000-7fd00cc3d000 r--s 00005000 08:01 280067                     /usr/share/java/eclipse-aether-transport-wagon.jar
7fd00cc3d000-7fd00cc3f000 r--s 00001000 08:01 280084                     /usr/share/java/aopalliance-1.0.jar
7fd00cc3f000-7fd00cc41000 r--s 0000a000 08:01 283786                     /usr/share/java/plexus-classworlds2-2.5.2.jar
7fd00cc41000-7fd00cc49000 rw-s 00000000 08:01 300967                     /tmp/hsperfdata_raymond/12211
7fd00cc49000-7fd00cc4a000 rw-p 00000000 00:00 0 
7fd00cc4a000-7fd00cc4b000 ---p 00000000 00:00 0 
7fd00cc4b000-7fd00cc4c000 r--p 00025000 08:01 947715                     /lib/x86_64-linux-gnu/ld-2.23.so
7fd00cc4c000-7fd00cc4d000 rw-p 00026000 08:01 947715                     /lib/x86_64-linux-gnu/ld-2.23.so
7fd00cc4d000-7fd00cc4e000 rw-p 00000000 00:00 0 
7ffeea49d000-7ffeea4c0000 rw-p 00000000 00:00 0                          [stack]
7ffeea511000-7ffeea514000 r--p 00000000 00:00 0                          [vvar]
7ffeea514000-7ffeea516000 r-xp 00000000 00:00 0                          [vdso]
ffffffffff600000-ffffffffff601000 r-xp 00000000 00:00 0                  [vsyscall]

VM Arguments:
jvm_args: -Dclassworlds.conf=/usr/share/maven/bin/m2.conf -Dmaven.home=/usr/share/maven -Dmaven.multiModuleProjectDirectory=/home/raymond/onos/tools/package/archetypes/dhcp-app 
java_command: org.codehaus.plexus.classworlds.launcher.Launcher clean install -DskipTests
java_class_path (initial): /usr/share/maven/boot/plexus-classworlds-2.x.jar
Launcher Type: SUN_STANDARD

Environment Variables:
JAVA_HOME=/usr/lib/jvm/java-8-oracle
PATH=/home/raymond/onos/tools/package/runtime/bin:/home/raymond/bin:/home/raymond/.local/bin:/usr/local/sbin:/usr/local/bin:/usr/sbin:/usr/bin:/sbin:/bin:/usr/games:/usr/local/games:/snap/bin:/usr/lib/jvm/java-8-oracle/bin:/usr/lib/jvm/java-8-oracle/db/bin:/usr/lib/jvm/java-8-oracle/jre/bin:/home/raymond/onos/tools/dev/bin:/home/raymond/onos/tools/test/bin:/home/raymond/onos/tools/test/scenarios/bin:/home/raymond/onos/tools/build:/home/raymond/Applications/apache-maven-3.3.9/bin:/home/raymond/Applications/apache-karaf-3.0.8/bin
SHELL=/bin/bash
DISPLAY=:0

Signal Handlers:
SIGSEGV: [libjvm.so+0xad3e60], sa_mask[0]=11111111011111111101111111111110, sa_flags=SA_RESTART|SA_SIGINFO
SIGBUS: [libjvm.so+0xad3e60], sa_mask[0]=11111111011111111101111111111110, sa_flags=SA_RESTART|SA_SIGINFO
SIGFPE: [libjvm.so+0x90b880], sa_mask[0]=11111111011111111101111111111110, sa_flags=SA_RESTART|SA_SIGINFO
SIGPIPE: [libjvm.so+0x90b880], sa_mask[0]=11111111011111111101111111111110, sa_flags=SA_RESTART|SA_SIGINFO
SIGXFSZ: [libjvm.so+0x90b880], sa_mask[0]=11111111011111111101111111111110, sa_flags=SA_RESTART|SA_SIGINFO
SIGILL: [libjvm.so+0x90b880], sa_mask[0]=11111111011111111101111111111110, sa_flags=SA_RESTART|SA_SIGINFO
SIGUSR1: SIG_DFL, sa_mask[0]=00000000000000000000000000000000, sa_flags=none
SIGUSR2: [libjvm.so+0x90b750], sa_mask[0]=00000000000000000000000000000000, sa_flags=SA_RESTART|SA_SIGINFO
SIGHUP: [libjvm.so+0x90bd70], sa_mask[0]=11111111011111111101111111111110, sa_flags=SA_RESTART|SA_SIGINFO
SIGINT: [libjvm.so+0x90bd70], sa_mask[0]=11111111011111111101111111111110, sa_flags=SA_RESTART|SA_SIGINFO
SIGTERM: [libjvm.so+0x90bd70], sa_mask[0]=11111111011111111101111111111110, sa_flags=SA_RESTART|SA_SIGINFO
SIGQUIT: [libjvm.so+0x90bd70], sa_mask[0]=11111111011111111101111111111110, sa_flags=SA_RESTART|SA_SIGINFO


---------------  S Y S T E M  ---------------

OS:DISTRIB_ID=Ubuntu
DISTRIB_RELEASE=16.04
DISTRIB_CODENAME=xenial
DISTRIB_DESCRIPTION="Ubuntu 16.04.5 LTS"

uname:Linux 4.15.0-29-generic #31~16.04.1-Ubuntu SMP Wed Jul 18 08:54:04 UTC 2018 x86_64
libc:glibc 2.23 NPTL 2.23 
rlimit: STACK 8192k, CORE 0k, NPROC 15545, NOFILE 1048576, AS infinity
load average:11.03 2.94 1.57

/proc/meminfo:
MemTotal:        4039184 kB
MemFree:           86188 kB
MemAvailable:          0 kB
Buffers:             412 kB
Cached:           120676 kB
SwapCached:        12336 kB
Active:          3043508 kB
Inactive:         615080 kB
Active(anon):    3039364 kB
Inactive(anon):   607940 kB
Active(file):       4144 kB
Inactive(file):     7140 kB
Unevictable:       66384 kB
Mlocked:           66384 kB
SwapTotal:        998396 kB
SwapFree:              0 kB
Dirty:                92 kB
Writeback:            40 kB
AnonPages:       3591996 kB
Mapped:           104132 kB
Shmem:            101108 kB
Slab:              89656 kB
SReclaimable:      42032 kB
SUnreclaim:        47624 kB
KernelStack:       16976 kB
PageTables:        50808 kB
NFS_Unstable:          0 kB
Bounce:                0 kB
WritebackTmp:          0 kB
CommitLimit:     3017988 kB
Committed_AS:    9534404 kB
VmallocTotal:   34359738367 kB
VmallocUsed:           0 kB
VmallocChunk:          0 kB
HardwareCorrupted:     0 kB
AnonHugePages:         0 kB
ShmemHugePages:        0 kB
ShmemPmdMapped:        0 kB
CmaTotal:              0 kB
CmaFree:               0 kB
HugePages_Total:       0
HugePages_Free:        0
HugePages_Rsvd:        0
HugePages_Surp:        0
Hugepagesize:       2048 kB
DirectMap4k:      366528 kB
DirectMap2M:     3827712 kB

container (cgroup) information:
container_type: cgroupv1
cpu_cpuset_cpus: 0-3
cpu_memory_nodes: 0
active_processor_count: 4
cpu_quota: -1
cpu_period: 100000
cpu_shares: -1
memory_limit_in_bytes: -1
memory_and_swap_limit_in_bytes: -2
memory_soft_limit_in_bytes: -1
memory_usage_in_bytes: 3809390592
memory_max_usage_in_bytes: 5037428736


CPU:total 4 (initial active 4) (4 cores per cpu, 1 threads per core) family 6 model 142 stepping 10, cmov, cx8, fxsr, mmx, sse, sse2, sse3, ssse3, sse4.1, sse4.2, popcnt, avx, avx2, aes, clmul, 3dnowpref, lzcnt, tsc, tscinvbit

/proc/cpuinfo:
processor	: 0
vendor_id	: GenuineIntel
cpu family	: 6
model		: 142
model name	: Intel(R) Core(TM) i7-8550U CPU @ 1.80GHz
stepping	: 10
cpu MHz		: 1992.001
cache size	: 8192 KB
physical id	: 0
siblings	: 4
core id		: 0
cpu cores	: 4
apicid		: 0
initial apicid	: 0
fpu		: yes
fpu_exception	: yes
cpuid level	: 22
wp		: yes
flags		: fpu vme de pse tsc msr pae mce cx8 apic sep mtrr pge mca cmov pat pse36 clflush mmx fxsr sse sse2 ht syscall nx rdtscp lm constant_tsc rep_good nopl xtopology nonstop_tsc cpuid pni pclmulqdq ssse3 cx16 pcid sse4_1 sse4_2 x2apic movbe popcnt aes xsave avx rdrand hypervisor lahf_lm abm 3dnowprefetch invpcid_single pti fsgsbase avx2 invpcid rdseed clflushopt
bugs		: cpu_meltdown spectre_v1 spectre_v2 spec_store_bypass
bogomips	: 3984.00
clflush size	: 64
cache_alignment	: 64
address sizes	: 39 bits physical, 48 bits virtual
power management:

processor	: 1
vendor_id	: GenuineIntel
cpu family	: 6
model		: 142
model name	: Intel(R) Core(TM) i7-8550U CPU @ 1.80GHz
stepping	: 10
cpu MHz		: 1992.001
cache size	: 8192 KB
physical id	: 0
siblings	: 4
core id		: 1
cpu cores	: 4
apicid		: 1
initial apicid	: 1
fpu		: yes
fpu_exception	: yes
cpuid level	: 22
wp		: yes
flags		: fpu vme de pse tsc msr pae mce cx8 apic sep mtrr pge mca cmov pat pse36 clflush mmx fxsr sse sse2 ht syscall nx rdtscp lm constant_tsc rep_good nopl xtopology nonstop_tsc cpuid pni pclmulqdq ssse3 cx16 pcid sse4_1 sse4_2 x2apic movbe popcnt aes xsave avx rdrand hypervisor lahf_lm abm 3dnowprefetch invpcid_single pti fsgsbase avx2 invpcid rdseed clflushopt
bugs		: cpu_meltdown spectre_v1 spectre_v2 spec_store_bypass
bogomips	: 3984.00
clflush size	: 64
cache_alignment	: 64
address sizes	: 39 bits physical, 48 bits virtual
power management:

processor	: 2
vendor_id	: GenuineIntel
cpu family	: 6
model		: 142
model name	: Intel(R) Core(TM) i7-8550U CPU @ 1.80GHz
stepping	: 10
cpu MHz		: 1992.001
cache size	: 8192 KB
physical id	: 0
siblings	: 4
core id		: 2
cpu cores	: 4
apicid		: 2
initial apicid	: 2
fpu		: yes
fpu_exception	: yes
cpuid level	: 22
wp		: yes
flags		: fpu vme de pse tsc msr pae mce cx8 apic sep mtrr pge mca cmov pat pse36 clflush mmx fxsr sse sse2 ht syscall nx rdtscp lm constant_tsc rep_good nopl xtopology nonstop_tsc cpuid pni pclmulqdq ssse3 cx16 pcid sse4_1 sse4_2 x2apic movbe popcnt aes xsave avx rdrand hypervisor lahf_lm abm 3dnowprefetch invpcid_single pti fsgsbase avx2 invpcid rdseed clflushopt
bugs		: cpu_meltdown spectre_v1 spectre_v2 spec_store_bypass
bogomips	: 3984.00
clflush size	: 64
cache_alignment	: 64
address sizes	: 39 bits physical, 48 bits virtual
power management:

processor	: 3
vendor_id	: GenuineIntel
cpu family	: 6
model		: 142
model name	: Intel(R) Core(TM) i7-8550U CPU @ 1.80GHz
stepping	: 10
cpu MHz		: 1992.001
cache size	: 8192 KB
physical id	: 0
siblings	: 4
core id		: 3
cpu cores	: 4
apicid		: 3
initial apicid	: 3
fpu		: yes
fpu_exception	: yes
cpuid level	: 22
wp		: yes
flags		: fpu vme de pse tsc msr pae mce cx8 apic sep mtrr pge mca cmov pat pse36 clflush mmx fxsr sse sse2 ht syscall nx rdtscp lm constant_tsc rep_good nopl xtopology nonstop_tsc cpuid pni pclmulqdq ssse3 cx16 pcid sse4_1 sse4_2 x2apic movbe popcnt aes xsave avx rdrand hypervisor lahf_lm abm 3dnowprefetch invpcid_single pti fsgsbase avx2 invpcid rdseed clflushopt
bugs		: cpu_meltdown spectre_v1 spectre_v2 spec_store_bypass
bogomips	: 3984.00
clflush size	: 64
cache_alignment	: 64
address sizes	: 39 bits physical, 48 bits virtual
power management:



Memory: 4k page, physical 4039184k(85544k free), swap 998396k(0k free)

vm_info: Java HotSpot(TM) 64-Bit Server VM (25.201-b09) for linux-amd64 JRE (1.8.0_201-b09), built on Dec 15 2018 11:35:59 by "java_re" with gcc 7.3.0

time: Sat May 25 15:46:21 2019
timezone: CST
elapsed time: 28 seconds (0d 0h 0m 28s)

